# JRE version: OpenJDK Runtime Environment (8.0_152-b01) (build 1.8.0_152-release-1343-b01)
# Java VM: OpenJDK 64-Bit Server VM (25.152-b01 mixed mode windows-amd64 compressed oops)
Heap:
 PSYoungGen      total 389632K, used 105105K [0x00000000e0000000, 0x00000000fb280000, 0x0000000100000000)
  eden space 344576K, 18% used [0x00000000e0000000,0x00000000e3fbf850,0x00000000f5080000)
  from space 45056K, 88% used [0x00000000f8200000,0x00000000fa8e4c38,0x00000000fae00000)
  to   space 50176K, 0% used [0x00000000f5080000,0x00000000f5080000,0x00000000f8180000)
 ParOldGen       total 167424K, used 83233K [0x00000000a0000000, 0x00000000aa380000, 0x00000000e0000000)
  object space 167424K, 49% used [0x00000000a0000000,0x00000000a5148510,0x00000000aa380000)
 Metaspace       used 125141K, capacity 131097K, committed 131264K, reserved 1163264K
  class space    used 15663K, capacity 16741K, committed 16856K, reserved 1048576K
GC Heap History (10 events):
Event: 428.826 GC heap before
{Heap before GC invocations=30 (full 4):
 PSYoungGen      total 270848K, used 263038K [0x00000000e0000000, 0x00000000f3d80000, 0x0000000100000000)
  eden space 246272K, 100% used [0x00000000e0000000,0x00000000ef080000,0x00000000ef080000)
  from space 24576K, 68% used [0x00000000ef080000,0x00000000f00df8d0,0x00000000f0880000)
  to   space 24576K, 0% used [0x00000000f2580000,0x00000000f2580000,0x00000000f3d80000)
 ParOldGen       total 167424K, used 51441K [0x00000000a0000000, 0x00000000aa380000, 0x00000000e0000000)
  object space 167424K, 30% used [0x00000000a0000000,0x00000000a323c5e0,0x00000000aa380000)
 Metaspace       used 100077K, capacity 104207K, committed 104640K, reserved 1140736K
  class space    used 12609K, capacity 13368K, committed 13528K, reserved 1048576K
Event: 428.849 GC heap after
Heap after GC invocations=30 (full 4):
 PSYoungGen      total 294400K, used 15736K [0x00000000e0000000, 0x00000000f3a80000, 0x0000000100000000)
  eden space 272896K, 0% used [0x00000000e0000000,0x00000000e0000000,0x00000000f0a80000)
  from space 21504K, 73% used [0x00000000f2580000,0x00000000f34de188,0x00000000f3a80000)
  to   space 24576K, 0% used [0x00000000f0a80000,0x00000000f0a80000,0x00000000f2280000)
 ParOldGen       total 167424K, used 51449K [0x00000000a0000000, 0x00000000aa380000, 0x00000000e0000000)
  object space 167424K, 30% used [0x00000000a0000000,0x00000000a323e5e0,0x00000000aa380000)
 Metaspace       used 100077K, capacity 104207K, committed 104640K, reserved 1140736K
  class space    used 12609K, capacity 13368K, committed 13528K, reserved 1048576K
}
Event: 431.083 GC heap before
{Heap before GC invocations=31 (full 4):
 PSYoungGen      total 294400K, used 288632K [0x00000000e0000000, 0x00000000f3a80000, 0x0000000100000000)
  eden space 272896K, 100% used [0x00000000e0000000,0x00000000f0a80000,0x00000000f0a80000)
  from space 21504K, 73% used [0x00000000f2580000,0x00000000f34de188,0x00000000f3a80000)
  to   space 24576K, 0% used [0x00000000f0a80000,0x00000000f0a80000,0x00000000f2280000)
 ParOldGen       total 167424K, used 51449K [0x00000000a0000000, 0x00000000aa380000, 0x00000000e0000000)
  object space 167424K, 30% used [0x00000000a0000000,0x00000000a323e5e0,0x00000000aa380000)
 Metaspace       used 100455K, capacity 104615K, committed 105152K, reserved 1140736K
  class space    used 12619K, capacity 13370K, committed 13528K, reserved 1048576K
Event: 431.190 GC heap after
Heap after GC invocations=31 (full 4):
 PSYoungGen      total 297472K, used 24569K [0x00000000e0000000, 0x00000000f7880000, 0x0000000100000000)
  eden space 272896K, 0% used [0x00000000e0000000,0x00000000e0000000,0x00000000f0a80000)
  from space 24576K, 99% used [0x00000000f0a80000,0x00000000f227e7b0,0x00000000f2280000)
  to   space 34816K, 0% used [0x00000000f5680000,0x00000000f5680000,0x00000000f7880000)
 ParOldGen       total 167424K, used 71246K [0x00000000a0000000, 0x00000000aa380000, 0x00000000e0000000)
  object space 167424K, 42% used [0x00000000a0000000,0x00000000a4593b08,0x00000000aa380000)
 Metaspace       used 100455K, capacity 104615K, committed 105152K, reserved 1140736K
  class space    used 12619K, capacity 13370K, committed 13528K, reserved 1048576K
}
Event: 919.509 GC heap before
{Heap before GC invocations=32 (full 4):
 PSYoungGen      total 297472K, used 297418K [0x00000000e0000000, 0x00000000f7880000, 0x0000000100000000)
  eden space 272896K, 99% used [0x00000000e0000000,0x00000000f0a74128,0x00000000f0a80000)
  from space 24576K, 99% used [0x00000000f0a80000,0x00000000f227e7b0,0x00000000f2280000)
  to   space 34816K, 0% used [0x00000000f5680000,0x00000000f5680000,0x00000000f7880000)
 ParOldGen       total 167424K, used 71246K [0x00000000a0000000, 0x00000000aa380000, 0x00000000e0000000)
  object space 167424K, 42% used [0x00000000a0000000,0x00000000a4593b08,0x00000000aa380000)
 Metaspace       used 107772K, capacity 112437K, committed 112576K, reserved 1146880K
  class space    used 13438K, capacity 14270K, committed 14296K, reserved 1048576K
Event: 919.623 GC heap after
Heap after GC invocations=32 (full 4):
 PSYoungGen      total 343552K, used 27573K [0x00000000e0000000, 0x00000000f7700000, 0x0000000100000000)
  eden space 310272K, 0% used [0x00000000e0000000,0x00000000e0000000,0x00000000f2f00000)
  from space 33280K, 82% used [0x00000000f5680000,0x00000000f716d548,0x00000000f7700000)
  to   space 36864K, 0% used [0x00000000f2f00000,0x00000000f2f00000,0x00000000f5300000)
 ParOldGen       total 167424K, used 73666K [0x00000000a0000000, 0x00000000aa380000, 0x00000000e0000000)
  object space 167424K, 43% used [0x00000000a0000000,0x00000000a47f09a0,0x00000000aa380000)
 Metaspace       used 107772K, capacity 112437K, committed 112576K, reserved 1146880K
  class space    used 13438K, capacity 14270K, committed 14296K, reserved 1048576K
}
Event: 929.304 GC heap before
{Heap before GC invocations=33 (full 4):
 PSYoungGen      total 343552K, used 337845K [0x00000000e0000000, 0x00000000f7700000, 0x0000000100000000)
  eden space 310272K, 100% used [0x00000000e0000000,0x00000000f2f00000,0x00000000f2f00000)
  from space 33280K, 82% used [0x00000000f5680000,0x00000000f716d548,0x00000000f7700000)
  to   space 36864K, 0% used [0x00000000f2f00000,0x00000000f2f00000,0x00000000f5300000)
 ParOldGen       total 167424K, used 73666K [0x00000000a0000000, 0x00000000aa380000, 0x00000000e0000000)
  object space 167424K, 43% used [0x00000000a0000000,0x00000000a47f09a0,0x00000000aa380000)
 Metaspace       used 119705K, capacity 125423K, committed 125504K, reserved 1159168K
  class space    used 15183K, capacity 16198K, committed 16216K, reserved 1048576K
Event: 929.383 GC heap after
Heap after GC invocations=33 (full 4):
 PSYoungGen      total 347136K, used 36862K [0x00000000e0000000, 0x00000000fae00000, 0x0000000100000000)
  eden space 310272K, 0% used [0x00000000e0000000,0x00000000e0000000,0x00000000f2f00000)
  from space 36864K, 99% used [0x00000000f2f00000,0x00000000f52ffb98,0x00000000f5300000)
  to   space 45056K, 0% used [0x00000000f8200000,0x00000000f8200000,0x00000000fae00000)
 ParOldGen       total 167424K, used 82099K [0x00000000a0000000, 0x00000000aa380000, 0x00000000e0000000)
  object space 167424K, 49% used [0x00000000a0000000,0x00000000a502ce40,0x00000000aa380000)
 Metaspace       used 119705K, capacity 125423K, committed 125504K, reserved 1159168K
  class space    used 15183K, capacity 16198K, committed 16216K, reserved 1048576K
}
Event: 988.690 GC heap before
{Heap before GC invocations=34 (full 4):
 PSYoungGen      total 347136K, used 347134K [0x00000000e0000000, 0x00000000fae00000, 0x0000000100000000)
  eden space 310272K, 100% used [0x00000000e0000000,0x00000000f2f00000,0x00000000f2f00000)
  from space 36864K, 99% used [0x00000000f2f00000,0x00000000f52ffb98,0x00000000f5300000)
  to   space 45056K, 0% used [0x00000000f8200000,0x00000000f8200000,0x00000000fae00000)
 ParOldGen       total 167424K, used 82099K [0x00000000a0000000, 0x00000000aa380000, 0x00000000e0000000)
  object space 167424K, 49% used [0x00000000a0000000,0x00000000a502ce40,0x00000000aa380000)
 Metaspace       used 125139K, capacity 131097K, committed 131264K, reserved 1163264K
  class space    used 15663K, capacity 16741K, committed 16856K, reserved 1048576K
Event: 988.768 GC heap after
Heap after GC invocations=34 (full 4):
 PSYoungGen      total 389632K, used 39827K [0x00000000e0000000, 0x00000000fb280000, 0x0000000100000000)
  eden space 344576K, 0% used [0x00000000e0000000,0x00000000e0000000,0x00000000f5080000)
  from space 45056K, 88% used [0x00000000f8200000,0x00000000fa8e4c38,0x00000000fae00000)
  to   space 50176K, 0% used [0x00000000f5080000,0x00000000f5080000,0x00000000f8180000)
 ParOldGen       total 167424K, used 83233K [0x00000000a0000000, 0x00000000aa380000, 0x00000000e0000000)
  object space 167424K, 49% used [0x00000000a0000000,0x00000000a5148510,0x00000000aa380000)
 Metaspace       used 125139K, capacity 131097K, committed 131264K, reserved 1163264K
  class space    used 15663K, capacity 16741K, committed 16856K, reserved 1048576K
}

